\BOOKMARK [0][-]{chapter*.1}{\376\377\000A\000B\000S\000T\000R\000A\000C\000T}{}% 1
\BOOKMARK [0][-]{section*.2}{\376\377\000L\000I\000S\000T\000\040\000O\000F\000\040\000T\000A\000B\000L\000E\000S}{}% 2
\BOOKMARK [0][-]{section*.3}{\376\377\000L\000I\000S\000T\000\040\000O\000F\000\040\000I\000L\000L\000U\000S\000T\000R\000A\000T\000I\000O\000N\000S}{}% 3
\BOOKMARK [0][-]{chapter.1}{\376\377\000P\000r\000e\000f\000a\000c\000e}{}% 4
\BOOKMARK [0][-]{chapter.2}{\376\377\000L\000e\000a\000r\000n\000i\000n\000g\000,\000\040\000n\000o\000t\000\040\000c\000h\000e\000a\000t\000i\000n\000g\000:\000\040\000A\000I\000\040\000a\000s\000s\000i\000s\000t\000a\000n\000c\000e\000\040\000c\000a\000n\000\040\000e\000n\000h\000a\000n\000c\000e\000\040\000r\000a\000t\000h\000e\000r\000\040\000t\000h\000a\000n\000\040\000h\000i\000n\000d\000e\000r\000\040\000s\000k\000i\000l\000l\000\040\000d\000e\000v\000e\000l\000o\000p\000m\000e\000n\000t}{}% 5
\BOOKMARK [1][-]{section.2.1}{\376\377\000A\000b\000s\000t\000r\000a\000c\000t}{chapter.2}% 6
\BOOKMARK [1][-]{section.2.2}{\376\377\000I\000n\000t\000r\000o\000d\000u\000c\000t\000i\000o\000n}{chapter.2}% 7
\BOOKMARK [1][-]{section.2.3}{\376\377\000S\000t\000u\000d\000y\000\040\0001}{chapter.2}% 8
\BOOKMARK [1][-]{section.2.4}{\376\377\000S\000t\000u\000d\000y\000\040\0002}{chapter.2}% 9
\BOOKMARK [1][-]{section.2.5}{\376\377\000S\000t\000u\000d\000y\000\040\0003}{chapter.2}% 10
\BOOKMARK [1][-]{section.2.6}{\376\377\000S\000t\000u\000d\000y\000\040\0004}{chapter.2}% 11
\BOOKMARK [1][-]{section.2.7}{\376\377\000S\000t\000u\000d\000y\000\040\0005}{chapter.2}% 12
\BOOKMARK [1][-]{section.2.8}{\376\377\000D\000i\000s\000c\000u\000s\000s\000i\000o\000n}{chapter.2}% 13
\BOOKMARK [1][-]{section.2.9}{\376\377\000M\000e\000t\000h\000o\000d\000s}{chapter.2}% 14
\BOOKMARK [0][-]{chapter.3}{\376\377\000H\000e\000l\000p\000\040\000M\000e\000\040\000F\000o\000c\000u\000s\000:\000\040\000A\000I\000-\000d\000e\000l\000i\000v\000e\000r\000e\000d\000\040\000m\000o\000t\000i\000v\000a\000t\000i\000o\000n\000a\000l\000\040\000i\000n\000t\000e\000r\000v\000e\000n\000t\000i\000o\000n\000s\000\040\000e\000n\000h\000a\000n\000c\000e\000\040\000s\000t\000u\000d\000e\000n\000t\000\040\000p\000e\000r\000s\000i\000s\000t\000e\000n\000c\000e\000\040\000i\000n\000\040\000o\000n\000l\000i\000n\000e\000\040\000l\000e\000a\000r\000n\000i\000n\000g\000\040\000e\000n\000v\000i\000r\000o\000n\000m\000e\000n\000t\000s}{}% 15
\BOOKMARK [1][-]{section.3.1}{\376\377\000A\000b\000s\000t\000r\000a\000c\000t}{chapter.3}% 16
\BOOKMARK [1][-]{section.3.2}{\376\377\000I\000n\000t\000r\000o\000d\000u\000c\000t\000i\000o\000n}{chapter.3}% 17
\BOOKMARK [1][-]{section.3.3}{\376\377\000R\000e\000s\000u\000l\000t\000s}{chapter.3}% 18
\BOOKMARK [1][-]{section.3.4}{\376\377\000D\000i\000s\000c\000u\000s\000s\000i\000o\000n}{chapter.3}% 19
\BOOKMARK [1][-]{section.3.5}{\376\377\000M\000e\000t\000h\000o\000d\000s}{chapter.3}% 20
\BOOKMARK [0][-]{chapter.4}{\376\377\000U\000s\000i\000n\000g\000\040\000A\000r\000t\000i\000f\000i\000c\000i\000a\000l\000\040\000I\000n\000t\000e\000l\000l\000i\000g\000e\000n\000c\000e\000\040\000t\000o\000\040\000A\000s\000s\000e\000s\000s\000\040\000P\000e\000r\000s\000o\000n\000a\000l\000\040\000Q\000u\000a\000l\000i\000t\000i\000e\000s\000\040\000i\000n\000\040\000C\000o\000l\000l\000e\000g\000e\000\040\000A\000d\000m\000i\000s\000s\000i\000o\000n\000s}{}% 21
\BOOKMARK [1][-]{section.4.1}{\376\377\000I\000n\000t\000r\000o\000d\000u\000c\000t\000i\000o\000n}{chapter.4}% 22
\BOOKMARK [1][-]{section.4.2}{\376\377\000R\000e\000s\000u\000l\000t\000s}{chapter.4}% 23
\BOOKMARK [1][-]{section.4.3}{\376\377\000D\000i\000s\000c\000u\000s\000s\000i\000o\000n}{chapter.4}% 24
\BOOKMARK [1][-]{section.4.4}{\376\377\000M\000a\000t\000e\000r\000i\000a\000l\000s\000\040\000a\000n\000d\000\040\000M\000e\000t\000h\000o\000d\000s}{chapter.4}% 25
